<?xml version="1.0" encoding="UTF-8"?>
<!-- Generated by org.testng.reporters.JUnitXMLReporter -->
<testsuite hostname="DESKTOP-V4DK160" ignored="0" name="Default test" tests="4" failures="0" timestamp="2022-03-22T22:20:48 IST" time="3.144" errors="0">
  <testcase name="verifyTextBoxAcceptsTheKeyValue" time="0.01" classname="dataprovider.DataProviderClass2"/>
  <testcase name="verifyTextBoxAcceptsTheKeyValue" time="0.001" classname="dataprovider.DataProviderClass2"/>
  <testcase name="verifyTextBoxAcceptsTheKeyValue" time="0.002" classname="dataprovider.DataProviderClass2"/>
  <testcase name="verifyTextBoxAcceptsTheKeyValue" time="0.002" classname="dataprovider.DataProviderClass2"/>
</testsuite> <!-- Default test -->
