<?xml version="1.0" encoding="UTF-8"?>
<!-- Generated by org.testng.reporters.JUnitXMLReporter -->
<testsuite hostname="DESKTOP-V4DK160" ignored="4" name="Regression" tests="4" failures="0" timestamp="2022-02-28T16:12:36 IST" time="0.11" errors="0">
  <testcase name="verifyNewUserCanBeAddedInSystem" time="0.011" classname="annotations.AnnotationsInTestNG"/>
  <testcase name="verifyUserCanBeEdited" time="0.003" classname="annotations.AnnotationsInTestNG"/>
  <testcase name="A" time="0.002" classname="annotations.Annotations2"/>
  <testcase name="B" time="0.003" classname="annotations.Annotations2"/>
  <testcase name="@BeforeSuite beforeSuit" time="0.0" classname="annotations.TestBase">
    <ignored/>
  </testcase> <!-- @BeforeSuite beforeSuit -->
  <testcase name="@AfterTest afterTest" time="0.0" classname="annotations.TestBase">
    <ignored/>
  </testcase> <!-- @AfterTest afterTest -->
  <testcase name="@BeforeTest beforeTest" time="0.0" classname="annotations.TestBase">
    <ignored/>
  </testcase> <!-- @BeforeTest beforeTest -->
  <testcase name="@AfterSuite afterSuit" time="0.0" classname="annotations.TestBase">
    <ignored/>
  </testcase> <!-- @AfterSuite afterSuit -->
</testsuite> <!-- Regression -->
