<?xml version="1.0" encoding="UTF-8"?>
<testng-results skipped="0" failed="0" ignored="0" total="4" passed="4">
  <reporter-output>
  </reporter-output>
  <suite name="Default suite" duration-ms="3144" started-at="2022-03-22T22:20:45 IST" finished-at="2022-03-22T22:20:48 IST">
    <groups>
    </groups>
    <test name="Default test" duration-ms="3144" started-at="2022-03-22T22:20:45 IST" finished-at="2022-03-22T22:20:48 IST">
      <class name="dataprovider.DataProviderClass2">
        <test-method status="PASS" signature="verifyTextBoxAcceptsTheKeyValue(java.lang.String,java.lang.String)[pri:0, instance:dataprovider.DataProviderClass2@27808f31]" name="verifyTextBoxAcceptsTheKeyValue" duration-ms="10" started-at="2022-03-22T22:20:48 IST" data-provider="getKeyValueFromArrayList" finished-at="2022-03-22T22:20:48 IST">
          <params>
            <param index="0">
              <value>
                <![CDATA[Name]]>
              </value>
            </param>
            <param index="1">
              <value>
                <![CDATA[Sanket]]>
              </value>
            </param>
          </params>
          <reporter-output>
          </reporter-output>
        </test-method> <!-- verifyTextBoxAcceptsTheKeyValue -->
        <test-method status="PASS" signature="verifyTextBoxAcceptsTheKeyValue(java.lang.String,java.lang.String)[pri:0, instance:dataprovider.DataProviderClass2@27808f31]" name="verifyTextBoxAcceptsTheKeyValue" duration-ms="1" started-at="2022-03-22T22:20:48 IST" data-provider="getKeyValueFromArrayList" finished-at="2022-03-22T22:20:48 IST">
          <params>
            <param index="0">
              <value>
                <![CDATA[Add]]>
              </value>
            </param>
            <param index="1">
              <value>
                <![CDATA[Pune]]>
              </value>
            </param>
          </params>
          <reporter-output>
          </reporter-output>
        </test-method> <!-- verifyTextBoxAcceptsTheKeyValue -->
        <test-method status="PASS" signature="verifyTextBoxAcceptsTheKeyValue(java.lang.String,java.lang.String)[pri:0, instance:dataprovider.DataProviderClass2@27808f31]" name="verifyTextBoxAcceptsTheKeyValue" duration-ms="2" started-at="2022-03-22T22:20:48 IST" data-provider="getKeyValueFromArrayList" finished-at="2022-03-22T22:20:48 IST">
          <params>
            <param index="0">
              <value>
                <![CDATA[PhoneNumber]]>
              </value>
            </param>
            <param index="1">
              <value>
                <![CDATA[7.787678987E9]]>
              </value>
            </param>
          </params>
          <reporter-output>
          </reporter-output>
        </test-method> <!-- verifyTextBoxAcceptsTheKeyValue -->
        <test-method status="PASS" signature="verifyTextBoxAcceptsTheKeyValue(java.lang.String,java.lang.String)[pri:0, instance:dataprovider.DataProviderClass2@27808f31]" name="verifyTextBoxAcceptsTheKeyValue" duration-ms="2" started-at="2022-03-22T22:20:48 IST" data-provider="getKeyValueFromArrayList" finished-at="2022-03-22T22:20:48 IST">
          <params>
            <param index="0">
              <value>
                <![CDATA[Indian]]>
              </value>
            </param>
            <param index="1">
              <value>
                <![CDATA[true]]>
              </value>
            </param>
          </params>
          <reporter-output>
          </reporter-output>
        </test-method> <!-- verifyTextBoxAcceptsTheKeyValue -->
      </class> <!-- dataprovider.DataProviderClass2 -->
    </test> <!-- Default test -->
  </suite> <!-- Default suite -->
</testng-results>
